[05:45:02] [main/INFO]: Loading Minecraft 1.20 with Fabric Loader 0.16.9
[05:45:03] [main/INFO]: Loading 62 mods:
	- appleskin 2.5.1+mc1.20
	   \-- cloth-config 11.0.99
	        \-- cloth-basic-math 0.6.1
	- cardinal-components 5.2.2
	   |-- cardinal-components-base 5.2.2
	   |-- cardinal-components-block 5.2.2
	   |-- cardinal-components-chunk 5.2.2
	   |-- cardinal-components-entity 5.2.2
	   |-- cardinal-components-item 5.2.2
	   |-- cardinal-components-level 5.2.2
	   |-- cardinal-components-scoreboard 5.2.2
	   \-- cardinal-components-world 5.2.2
	- carryon 2.1.2.7
	- clumps 11.0.0.2
	- fabric-api 0.83.0+1.20
	   |-- fabric-api-base 0.4.29+b04edc7a27
	   |-- fabric-api-lookup-api-v1 1.6.34+4d8536c927
	   |-- fabric-biome-api-v1 13.0.10+b3afc78b27
	   |-- fabric-block-api-v1 1.0.9+e022e5d127
	   |-- fabric-blockrenderlayer-v1 1.1.39+b3afc78b27
	   |-- fabric-client-tags-api-v1 1.0.20+b3afc78b27
	   |-- fabric-command-api-v1 1.2.32+f71b366f27
	   |-- fabric-command-api-v2 2.2.11+b3afc78b27
	   |-- fabric-commands-v0 0.2.49+df3654b327
	   |-- fabric-containers-v0 0.1.61+df3654b327
	   |-- fabric-content-registries-v0 4.0.7+b3afc78b27
	   |-- fabric-convention-tags-v1 1.5.3+b3afc78b27
	   |-- fabric-crash-report-info-v1 0.2.18+aeb40ebe27
	   |-- fabric-data-generation-api-v1 12.1.10+b3afc78b27
	   |-- fabric-dimensions-v1 2.1.51+b3afc78b27
	   |-- fabric-entity-events-v1 1.5.21+b3afc78b27
	   |-- fabric-events-interaction-v0 0.6.0+b3afc78b27
	   |-- fabric-events-lifecycle-v0 0.2.61+df3654b327
	   |-- fabric-game-rule-api-v1 1.0.38+b04edc7a27
	   |-- fabric-item-api-v1 2.1.26+b3afc78b27
	   |-- fabric-item-group-api-v1 4.0.7+b3afc78b27
	   |-- fabric-key-binding-api-v1 1.0.36+fb8d95da27
	   |-- fabric-keybindings-v0 0.2.34+df3654b327
	   |-- fabric-lifecycle-events-v1 2.2.20+b3afc78b27
	   |-- fabric-loot-api-v2 1.1.37+b3afc78b27
	   |-- fabric-loot-tables-v1 1.1.41+9e7660c627
	   |-- fabric-message-api-v1 5.1.6+b3afc78b27
	   |-- fabric-mining-level-api-v1 2.1.47+b3afc78b27
	   |-- fabric-models-v0 0.3.35+b3afc78b27
	   |-- fabric-networking-api-v1 1.3.8+b3afc78b27
	   |-- fabric-networking-v0 0.3.48+df3654b327
	   |-- fabric-object-builder-api-v1 11.0.6+b3afc78b27
	   |-- fabric-particles-v1 1.0.28+b3afc78b27
	   |-- fabric-recipe-api-v1 1.0.18+b3afc78b27
	   |-- fabric-registry-sync-v0 2.2.6+b3afc78b27
	   |-- fabric-renderer-api-v1 3.0.1+b3afc78b27
	   |-- fabric-renderer-indigo 1.3.1+b3afc78b27
	   |-- fabric-renderer-registries-v1 3.2.44+df3654b327
	   |-- fabric-rendering-data-attachment-v1 0.3.33+b3afc78b27
	   |-- fabric-rendering-fluids-v1 3.0.26+b3afc78b27
	   |-- fabric-rendering-v0 1.1.47+df3654b327
	   |-- fabric-rendering-v1 3.0.6+b3afc78b27
	   |-- fabric-resource-conditions-api-v1 2.3.4+b3afc78b27
	   |-- fabric-resource-loader-v0 0.11.7+f7923f6d27
	   |-- fabric-screen-api-v1 2.0.6+b3afc78b27
	   |-- fabric-screen-handler-api-v1 1.3.27+b3afc78b27
	   |-- fabric-sound-api-v1 1.0.12+b3afc78b27
	   |-- fabric-transfer-api-v1 3.2.2+b3afc78b27
	   \-- fabric-transitive-access-wideners-v1 4.2.0+b3afc78b27
	- fabricloader 0.16.9
	   \-- mixinextras 0.4.1
	- fallingtree 4.0.3
	- jade 11.12.0+fabric
	- java 21
	- jei 14.0.0.11
	- minecraft 1.20
	- travelersbackpack 1.20-9.0.2
	- xaerominimap 24.6.1
	- xaeroworldmap 1.39.0
[05:45:04] [main/INFO]: SpongePowered MIXIN Subsystem Version=0.8.7 Source=file:/workspaces/2.5server/servidor_minecraft/libraries/net/fabricmc/sponge-mixin/0.15.4+mixin.0.8.7/sponge-mixin-0.15.4+mixin.0.8.7.jar Service=Knot/Fabric Env=SERVER
[05:45:04] [main/INFO]: Compatibility level set to JAVA_17
[05:45:06] [main/INFO]: Initializing MixinExtras via com.llamalad7.mixinextras.service.MixinExtrasServiceImpl(version=0.4.1).
[05:45:20] [main/INFO]: Registered the class com.tiviacz.travelersbackpack.fluids.effects.WaterEffect as a FluidEffect for minecraft:water 81000 with the ID 0
[05:45:20] [main/INFO]: Registered the class com.tiviacz.travelersbackpack.fluids.effects.LavaEffect as a FluidEffect for minecraft:lava 81000 with the ID 1
[05:45:20] [main/INFO]: Registered the class com.tiviacz.travelersbackpack.fluids.effects.PotionEffect as a FluidEffect for travelersbackpack:potion_still 27000 with the ID 2
[05:45:20] [main/INFO]: Registered the class com.tiviacz.travelersbackpack.fluids.effects.MilkEffect as a FluidEffect for travelersbackpack:milk_still 81000 with the ID 3
[05:45:20] [main/INFO]: Loading Xaero's Minimap - Stage 1/2 (Server)
[05:45:20] [main/INFO]: Loading Xaero's World Map - Stage 1/2 (Server)
[05:45:21] [main/INFO]: Environment: authHost='https://authserver.mojang.com', accountsHost='https://api.mojang.com', sessionHost='https://sessionserver.mojang.com', servicesHost='https://api.minecraftservices.com', name='PROD'
[05:45:23] [main/INFO]: [fabric-registry-sync] Loaded registry data [file 1/4]
[05:45:25] [main/INFO]: Loaded 7 recipes
[05:45:25] [main/INFO]: Loaded 1443 advancements
[05:45:26] [main/INFO]: Applied 0 biome modifications to 0 of 64 new biomes in 2.441 ms
[05:45:26] [Server thread/INFO]: Starting minecraft server version 1.20
[05:45:26] [Server thread/INFO]: Loading properties
[05:45:26] [Server thread/INFO]: Default game type: SURVIVAL
[05:45:26] [Server thread/INFO]: Generating keypair
[05:45:26] [Server thread/INFO]: Starting Minecraft server on *:25565
[05:45:26] [Server thread/INFO]: Using epoll channel type
[05:45:26] [Server thread/WARN]: **** SERVER IS RUNNING IN OFFLINE/INSECURE MODE!
[05:45:26] [Server thread/WARN]: The server will make no attempt to authenticate usernames. Beware.
[05:45:26] [Server thread/WARN]: While this makes the game possible to play without internet access, it also opens up the ability for hackers to connect with any username they choose.
[05:45:26] [Server thread/WARN]: To change this, set "online-mode" to "true" in the server.properties file.
[05:45:26] [Server thread/INFO]: Preparing level "world"
[05:45:35] [Server thread/INFO]: Preparing start region for dimension minecraft:overworld
[05:45:39] [Worker-Main-1/INFO]: Preparing spawn area: 0%
[05:45:39] [Worker-Main-1/INFO]: Preparing spawn area: 0%
[05:45:39] [Worker-Main-1/INFO]: Preparing spawn area: 0%
[05:45:39] [Worker-Main-1/INFO]: Preparing spawn area: 0%
[05:45:39] [Worker-Main-1/INFO]: Preparing spawn area: 0%
[05:45:39] [Worker-Main-1/INFO]: Preparing spawn area: 0%
[05:45:39] [Worker-Main-1/INFO]: Preparing spawn area: 0%
[05:45:39] [Worker-Main-1/INFO]: Preparing spawn area: 0%
[05:45:39] [Worker-Main-1/INFO]: Preparing spawn area: 0%
[05:45:40] [Worker-Main-1/INFO]: Preparing spawn area: 0%
[05:45:40] [Worker-Main-1/INFO]: Preparing spawn area: 0%
[05:45:40] [Worker-Main-1/INFO]: Preparing spawn area: 0%
[05:45:41] [Worker-Main-1/INFO]: Preparing spawn area: 0%
[05:45:41] [Worker-Main-1/INFO]: Preparing spawn area: 0%
[05:45:42] [Worker-Main-1/INFO]: Preparing spawn area: 0%
[05:45:42] [Worker-Main-1/INFO]: Preparing spawn area: 0%
[05:45:43] [Worker-Main-1/INFO]: Preparing spawn area: 0%
[05:45:43] [Worker-Main-1/INFO]: Preparing spawn area: 0%
[05:45:44] [Worker-Main-1/INFO]: Preparing spawn area: 0%
[05:45:44] [Worker-Main-1/INFO]: Preparing spawn area: 0%
[05:45:45] [Worker-Main-1/INFO]: Preparing spawn area: 0%
[05:45:45] [Worker-Main-1/INFO]: Preparing spawn area: 0%
[05:45:46] [Worker-Main-1/INFO]: Preparing spawn area: 0%
[05:45:46] [Worker-Main-1/INFO]: Preparing spawn area: 0%
[05:45:47] [Worker-Main-1/INFO]: Preparing spawn area: 0%
[05:45:47] [Worker-Main-1/INFO]: Preparing spawn area: 0%
[05:45:48] [Worker-Main-1/INFO]: Preparing spawn area: 0%
[05:45:48] [Worker-Main-1/INFO]: Preparing spawn area: 0%
[05:45:49] [Worker-Main-1/INFO]: Preparing spawn area: 0%
[05:45:49] [Worker-Main-1/INFO]: Preparing spawn area: 0%
[05:45:50] [Worker-Main-1/INFO]: Preparing spawn area: 0%
[05:45:50] [Worker-Main-1/INFO]: Preparing spawn area: 0%
[05:45:51] [Worker-Main-1/INFO]: Preparing spawn area: 0%
[05:45:51] [Worker-Main-1/INFO]: Preparing spawn area: 0%
[05:45:52] [Worker-Main-1/INFO]: Preparing spawn area: 0%
[05:45:52] [Worker-Main-1/INFO]: Preparing spawn area: 0%
[05:45:53] [Worker-Main-1/INFO]: Preparing spawn area: 0%
[05:45:53] [Worker-Main-1/INFO]: Preparing spawn area: 0%
[05:45:54] [Worker-Main-1/INFO]: Preparing spawn area: 0%
[05:45:54] [Worker-Main-1/INFO]: Preparing spawn area: 0%
[05:45:55] [Worker-Main-1/INFO]: Preparing spawn area: 0%
[05:45:55] [Worker-Main-1/INFO]: Preparing spawn area: 0%
[05:45:56] [Worker-Main-1/INFO]: Preparing spawn area: 0%
[05:45:56] [Worker-Main-1/INFO]: Preparing spawn area: 0%
[05:45:57] [Worker-Main-1/INFO]: Preparing spawn area: 0%
[05:45:57] [Worker-Main-1/INFO]: Preparing spawn area: 0%
[05:45:58] [Worker-Main-1/INFO]: Preparing spawn area: 0%
[05:45:58] [Worker-Main-1/INFO]: Preparing spawn area: 0%
[05:45:59] [Worker-Main-1/INFO]: Preparing spawn area: 0%
[05:45:59] [Worker-Main-1/INFO]: Preparing spawn area: 0%
[05:46:00] [Worker-Main-1/INFO]: Preparing spawn area: 0%
[05:46:00] [Worker-Main-1/INFO]: Preparing spawn area: 0%
[05:46:01] [Worker-Main-1/INFO]: Preparing spawn area: 0%
[05:46:01] [Worker-Main-1/INFO]: Preparing spawn area: 0%
[05:46:02] [Worker-Main-1/INFO]: Preparing spawn area: 0%
[05:46:02] [Worker-Main-1/INFO]: Preparing spawn area: 0%
[05:46:03] [Worker-Main-1/INFO]: Preparing spawn area: 0%
[05:46:03] [Worker-Main-1/INFO]: Preparing spawn area: 0%
[05:46:04] [Worker-Main-1/INFO]: Preparing spawn area: 0%
[05:46:04] [Worker-Main-1/INFO]: Preparing spawn area: 0%
[05:46:05] [Worker-Main-1/INFO]: Preparing spawn area: 0%
[05:46:05] [Worker-Main-1/INFO]: Preparing spawn area: 0%
[05:46:06] [Worker-Main-1/INFO]: Preparing spawn area: 0%
[05:46:06] [Worker-Main-1/INFO]: Preparing spawn area: 0%
[05:46:07] [Worker-Main-1/INFO]: Preparing spawn area: 0%
[05:46:07] [Worker-Main-1/INFO]: Preparing spawn area: 0%
[05:46:08] [Worker-Main-1/INFO]: Preparing spawn area: 0%
[05:46:08] [Worker-Main-1/INFO]: Preparing spawn area: 0%
[05:46:09] [Worker-Main-1/INFO]: Preparing spawn area: 0%
[05:46:09] [Worker-Main-1/INFO]: Preparing spawn area: 0%
[05:46:10] [Worker-Main-1/INFO]: Preparing spawn area: 0%
[05:46:10] [Worker-Main-1/INFO]: Preparing spawn area: 0%
[05:46:11] [Worker-Main-1/INFO]: Preparing spawn area: 0%
[05:46:11] [Worker-Main-1/INFO]: Preparing spawn area: 0%
[05:46:12] [Worker-Main-1/INFO]: Preparing spawn area: 0%
[05:46:12] [Worker-Main-1/INFO]: Preparing spawn area: 0%
[05:46:13] [Worker-Main-1/INFO]: Preparing spawn area: 0%
[05:46:13] [Worker-Main-1/INFO]: Preparing spawn area: 0%
[05:46:14] [Worker-Main-1/INFO]: Preparing spawn area: 0%
[05:46:14] [Worker-Main-1/INFO]: Preparing spawn area: 0%
[05:46:15] [Worker-Main-1/INFO]: Preparing spawn area: 0%
[05:46:15] [Worker-Main-1/INFO]: Preparing spawn area: 0%
[05:46:16] [Worker-Main-1/INFO]: Preparing spawn area: 3%
[05:46:17] [Worker-Main-1/INFO]: Preparing spawn area: 34%
[05:46:17] [Worker-Main-1/INFO]: Preparing spawn area: 78%
[05:46:19] [Server thread/INFO]: Time elapsed: 44335 ms
[05:46:19] [Server thread/INFO]: Done (53.151s)! For help, type "help"
[05:46:19] [Server thread/INFO]: Start loading plugin from Jade
[05:46:19] [Server thread/INFO]: Start loading plugin from Jade
[05:46:19] [Server thread/INFO]: Start loading plugin from Jade
[05:46:19] [Server thread/INFO]: Loading Xaero's Minimap - Stage 2/2 (Server)
[05:46:19] [Server thread/INFO]: Loading Xaero's World Map - Stage 2/2 (Server)
[05:46:28] [Server thread/INFO]: jotapex00[/127.175.54.237:52195] logged in with entity id 194 at (34.44267964883168, 74.99442662744718, 38.41545798529274)
[05:46:28] [Server thread/INFO]: Syncing config to jotapex00 (ebf6bb6d-d9cb-3093-b9cb-e24cc48ab6d1)
[05:46:28] [Server thread/INFO]: jotapex00 joined the game
[05:46:58] [Server thread/INFO]: jotapex00 lost connection: Timed out
[05:46:58] [Server thread/INFO]: jotapex00 left the game
[05:47:03] [Server thread/INFO]: jotapex00[/127.175.54.237:53085] logged in with entity id 410 at (34.44267964883168, 74.99442662744718, 38.41545798529274)
[05:47:03] [Server thread/INFO]: Syncing config to jotapex00 (ebf6bb6d-d9cb-3093-b9cb-e24cc48ab6d1)
[05:47:03] [Server thread/INFO]: jotapex00 joined the game
[05:47:33] [Server thread/INFO]: jotapex00 lost connection: Timed out
[05:47:33] [Server thread/INFO]: jotapex00 left the game
[05:49:10] [Server thread/INFO]: jotapex00[/127.175.54.237:49201] logged in with entity id 792 at (-42.32082310568681, 76.80219540328144, 114.40571151363687)
[05:49:10] [Server thread/INFO]: Syncing config to jotapex00 (ebf6bb6d-d9cb-3093-b9cb-e24cc48ab6d1)
[05:49:10] [Server thread/INFO]: jotapex00 joined the game
[05:49:33] [Server thread/INFO]: [jotapex00: Set own game mode to Survival Mode]
[05:49:40] [Server thread/INFO]: jotapex00 lost connection: Timed out
[05:49:40] [Server thread/INFO]: jotapex00 left the game
[05:50:33] [Server thread/INFO]: jotapex00[/127.175.54.237:54309] logged in with entity id 914 at (-37.87939316022803, 63.462612737821246, 95.25453959805715)
[05:50:33] [Server thread/INFO]: Syncing config to jotapex00 (ebf6bb6d-d9cb-3093-b9cb-e24cc48ab6d1)
[05:50:33] [Server thread/INFO]: jotapex00 joined the game
[05:51:03] [Server thread/INFO]: jotapex00 lost connection: Timed out
[05:51:03] [Server thread/INFO]: jotapex00 left the game
[05:51:29] [Server thread/INFO]: jotapex00[/127.175.54.237:41887] logged in with entity id 1056 at (-37.87939316022803, 63.22898073177877, 95.25453959805715)
[05:51:29] [Server thread/INFO]: Syncing config to jotapex00 (ebf6bb6d-d9cb-3093-b9cb-e24cc48ab6d1)
[05:51:29] [Server thread/INFO]: jotapex00 joined the game
[05:51:44] [Server thread/INFO]: [jotapex00: Set own game mode to Creative Mode]
[05:51:59] [Server thread/INFO]: jotapex00 lost connection: Timed out
[05:51:59] [Server thread/INFO]: jotapex00 left the game
[05:52:22] [Server thread/INFO]: jotapex00[/127.175.54.237:46821] logged in with entity id 1206 at (-37.87939316022803, 63.15058073025289, 95.25453959805715)
[05:52:22] [Server thread/INFO]: Syncing config to jotapex00 (ebf6bb6d-d9cb-3093-b9cb-e24cc48ab6d1)
[05:52:22] [Server thread/INFO]: jotapex00 joined the game
[05:52:52] [Server thread/INFO]: jotapex00 lost connection: Timed out
[05:52:52] [Server thread/INFO]: jotapex00 left the game
[06:03:59] [Server thread/INFO]: jotapex00[/127.175.54.237:58139] logged in with entity id 1350 at (-37.87939316022803, 63.15058073025289, 95.25453959805715)
[06:03:59] [Server thread/INFO]: Syncing config to jotapex00 (ebf6bb6d-d9cb-3093-b9cb-e24cc48ab6d1)
[06:03:59] [Server thread/INFO]: jotapex00 joined the game
[06:04:29] [Server thread/INFO]: jotapex00 lost connection: Timed out
[06:04:29] [Server thread/INFO]: jotapex00 left the game
[06:04:35] [Server thread/INFO]: jotapex00[/127.175.54.237:54583] logged in with entity id 1519 at (-37.87939316022803, 63.15058073025289, 95.25453959805715)
[06:04:35] [Server thread/INFO]: Syncing config to jotapex00 (ebf6bb6d-d9cb-3093-b9cb-e24cc48ab6d1)
[06:04:35] [Server thread/INFO]: jotapex00 joined the game
[06:05:05] [Server thread/INFO]: jotapex00 lost connection: Timed out
[06:05:05] [Server thread/INFO]: jotapex00 left the game
[06:05:05] [Server thread/WARN]: handleDisconnection() called twice
[06:05:12] [Server thread/INFO]: jotapex00[/127.175.54.237:36055] logged in with entity id 1673 at (-37.87939316022803, 63.15058073025289, 95.25453959805715)
[06:05:12] [Server thread/INFO]: Syncing config to jotapex00 (ebf6bb6d-d9cb-3093-b9cb-e24cc48ab6d1)
[06:05:12] [Server thread/INFO]: jotapex00 joined the game
[06:05:42] [Server thread/INFO]: jotapex00 lost connection: Timed out
[06:05:42] [Server thread/INFO]: jotapex00 left the game
[06:07:45] [Server thread/INFO]: jotapex00[/127.175.54.237:54963] logged in with entity id 1834 at (-34.94020496723547, 63.195915176483176, 92.22454409271187)
[06:07:45] [Server thread/INFO]: Syncing config to jotapex00 (ebf6bb6d-d9cb-3093-b9cb-e24cc48ab6d1)
[06:07:45] [Server thread/INFO]: jotapex00 joined the game
[06:08:15] [Server thread/INFO]: jotapex00 lost connection: Timed out
[06:08:15] [Server thread/INFO]: jotapex00 left the game
[06:14:37] [Server thread/INFO]: jotapex00[/127.175.54.237:57833] logged in with entity id 2005 at (-32.94560754931285, 63.12145965880427, 74.37612114121677)
[06:14:37] [Server thread/INFO]: Syncing config to jotapex00 (ebf6bb6d-d9cb-3093-b9cb-e24cc48ab6d1)
[06:14:37] [Server thread/INFO]: jotapex00 joined the game
[06:15:07] [Server thread/INFO]: jotapex00 lost connection: Timed out
[06:15:07] [Server thread/INFO]: jotapex00 left the game
[06:15:07] [Server thread/WARN]: handleDisconnection() called twice
[06:15:12] [Server thread/INFO]: jotapex00[/127.175.54.237:50195] logged in with entity id 2148 at (-32.94560754931285, 63.04305965727839, 74.37612114121677)
[06:15:12] [Server thread/INFO]: Syncing config to jotapex00 (ebf6bb6d-d9cb-3093-b9cb-e24cc48ab6d1)
[06:15:12] [Server thread/INFO]: jotapex00 joined the game
[06:15:42] [Server thread/INFO]: jotapex00 lost connection: Timed out
[06:15:42] [Server thread/INFO]: jotapex00 left the game
[06:19:13] [Server thread/INFO]: jotapex00[/127.175.54.237:33047] logged in with entity id 2280 at (-32.94560754931285, 63.04305965727839, 74.37612114121677)
[06:19:13] [Server thread/INFO]: Syncing config to jotapex00 (ebf6bb6d-d9cb-3093-b9cb-e24cc48ab6d1)
[06:19:13] [Server thread/INFO]: jotapex00 joined the game
[06:19:43] [Server thread/INFO]: jotapex00 lost connection: Timed out
[06:19:43] [Server thread/INFO]: jotapex00 left the game
[06:36:55] [Server thread/INFO]: Stopping server
[06:36:55] [Server thread/INFO]: Saving players
[06:36:55] [Server console handler/ERROR]: Exception handling console input
java.io.IOException: Input/output error
	at java.io.FileInputStream.readBytes(Native Method) ~[?:?]
	at java.io.FileInputStream.read(FileInputStream.java:287) ~[?:?]
	at java.io.BufferedInputStream.read1(BufferedInputStream.java:345) ~[?:?]
	at java.io.BufferedInputStream.implRead(BufferedInputStream.java:420) ~[?:?]
	at java.io.BufferedInputStream.read(BufferedInputStream.java:399) ~[?:?]
	at sun.nio.cs.StreamDecoder.readBytes(StreamDecoder.java:350) ~[?:?]
	at sun.nio.cs.StreamDecoder.implRead(StreamDecoder.java:393) ~[?:?]
	at sun.nio.cs.StreamDecoder.lockedRead(StreamDecoder.java:217) ~[?:?]
	at sun.nio.cs.StreamDecoder.read(StreamDecoder.java:171) ~[?:?]
	at java.io.InputStreamReader.read(InputStreamReader.java:188) ~[?:?]
	at java.io.BufferedReader.fill(BufferedReader.java:160) ~[?:?]
	at java.io.BufferedReader.implReadLine(BufferedReader.java:370) ~[?:?]
	at java.io.BufferedReader.readLine(BufferedReader.java:347) ~[?:?]
	at java.io.BufferedReader.readLine(BufferedReader.java:436) ~[?:?]
	at net.minecraft.class_3176$1.run(class_3176.java:89) ~[server-intermediary.jar:?]
